 _ _ _ _ _ _ 
|_ _  |_ _  |
|_    |_    |
|_ _|_  | |_|
|  _     _| |
|_ _|_|  _  |
|_ _ _ _ _ _|
(Distribucion llaves)
(sala:1: 0 1 1 2 3 )
(sala:2: 3 4 5 5 6 )
(sala:8: 7 7 8 9 9 )
(sala:14: 10 11 11 12 13 )
(sala:15: 13 14 15 15 16 )
(sala:21: 17 17 18 19 19 )
(sala:27: 20 21 21 22 23 )
(sala:28: 23 24 25 25 26 )
(sala:29: 27 27 28 29 29 )
(Ruta: B:E E S S E S S E E S )
(Ruta: N:E E S S E S S E E S )
(Ruta: Y:E E S O O E S O E N E S E S O O O S E O N E E S N E S S O O O E E E E E )
(Ruta: S:E E E N N O S N O O S E O N E E E N O N O S O E N O E E N O O E E S S E S E N N O E E N O O E E S S N O S S O S E E N S S )
(Ruta: T:E E E N N O S N O O S E O N E E E N O N O S O E N O E E N O O E E S S E S E N N O E E N O O E E S S N O S S O S E E N S S )
(Ruta: A:N O O N E N N E N S O S S O N O N N O O E E S S E S S S O O O E E E E E )
(Ruta: O:N O O N E N N E N S O S S O N O N N O O E E S S E S S S O O O E E E E E )
(turno:0)
(Laberinto:35)
(puerta:cerrada:5:1 3 5 7 9 11 13 15 17 19 21 23 25 27 29 :)
 _ _ _ _ _ _ 
|3 _  |_ _  |
|_    |_    |
|_ _|_  | |_|
|  _     _| |
|_ _|_|  _  |
|2 _ _ _ _ 2|
(sala:1: 0 1 1 2 3 )
(sala:2: 3 4 5 5 6 )
(sala:8: 7 7 8 9 9 )
(sala:14: 10 11 11 12 13 )
(sala:15: 13 14 15 15 16 )
(sala:21: 17 17 18 19 19 )
(sala:27: 20 21 21 22 23 )
(sala:28: 23 24 25 25 26 )
(sala:29: 27 27 28 29 29 )
(bender1:B:0:3:)
(bender2:N:0:4:)
(sonny1:Y:0:2:)
(spirit1:S:30:7:)
(spirit2:T:30:5:)
(asimo1:A:35:1:29 27 25 23 21 19 17 15 13 11 9 7 5 3 1 )
(asimo2:O:35:2:29 27 25 23 21 19 17 15 13 11 9 7 5 3 1 )
(turno:1)
(Laberinto:35)
(puerta:cerrada:5:1 3 5 7 9 11 13 15 17 19 21 23 25 27 29 :)
 _ _ _ _ _ _ 
|3 _  |_ _  |
|_    |_    |
|_ _|_  | |_|
|  _     _| |
|_ _|_|  _ A|
|2 _ _ _ _ O|
(sala:1: 0 1 1 2 3 )
(sala:2: 3 4 5 5 6 )
(sala:8: 7 7 8 9 9 )
(sala:14: 10 11 11 12 13 )
(sala:15: 13 14 15 15 16 )
(sala:21: 17 17 18 19 19 )
(sala:27: 20 21 21 22 23 )
(sala:28: 23 24 25 25 26 )
(sala:29: 27 27 28 29 29 )
(bender1:B:0:3:)
(bender2:N:0:4:)
(sonny1:Y:0:2:)
(asimo1:A:29:2:29 27 25 23 21 19 17 15 13 11 9 7 5 3 1 )
(spirit1:S:30:7:)
(spirit2:T:30:5:)
(asimo2:O:35:2:29 27 25 23 21 19 17 15 13 11 9 7 5 3 1 )
(turno:2)
(Laberinto:35)
(puerta:cerrada:5:1 3 5 7 9 11 13 15 17 19 21 23 25 27 29 :)
 _ _ _ _ _ _ 
|2 Y  |_ _  |
|_    |_    |
|_ _|_  | |_|
|  _     _| |
|_ _|_|  A O|
|2 _ _ _ _ _|
(sala:1: 1 1 2 3 )
(sala:2: 3 4 5 5 6 )
(sala:8: 7 7 8 9 9 )
(sala:14: 10 11 11 12 13 )
(sala:15: 13 14 15 15 16 )
(sala:21: 17 17 18 19 19 )
(sala:27: 20 21 21 22 23 )
(sala:28: 23 24 25 25 26 29 )
(sala:29: 27 27 28 29 29 )
(bender1:B:0:3:)
(bender2:N:0:4:)
(sonny1:Y:1:3:0 )
(asimo1:A:28:3:27 25 23 21 19 17 15 13 11 9 7 5 3 1 )
(asimo2:O:29:3:29 27 25 23 21 19 17 15 13 11 9 7 5 3 1 )
(spirit1:S:30:7:)
(spirit2:T:30:5:)
(turno:3)
(Laberinto:35)
(puerta:cerrada:5:1 3 5 7 9 11 13 15 17 19 21 23 25 27 29 :)
 _ _ _ _ _ _ 
|N B Y|_ _  |
|_    |_    |
|_ _|_  | |_|
|  _     _| |
|_ _|_|A O  |
|2 _ _ _ _ _|
(sala:1: 1 2 3 )
(sala:2: 4 5 5 6 )
(sala:8: 7 7 8 9 9 )
(sala:14: 10 11 11 12 13 )
(sala:15: 13 14 15 15 16 )
(sala:21: 17 17 18 19 19 )
(sala:27: 20 21 21 22 23 )
(sala:28: 23 24 25 25 26 29 29 )
(sala:29: 27 27 28 29 29 )
(bender2:N:0:4:)
(bender1:B:1:4:1 )
(sonny1:Y:2:4:3 0 )
(asimo1:A:27:4:27 25 23 21 19 17 15 13 11 9 7 5 3 1 )
(asimo2:O:28:4:27 25 23 21 19 17 15 13 11 9 7 5 3 1 )
(spirit1:S:30:7:)
(spirit2:T:30:5:)
(turno:4)
(Laberinto:35)
(puerta:cerrada:5:1 3 5 7 9 11 13 15 17 19 21 23 25 27 29 :)
 _ _ _ _ _ _ 
|_ N B|_ _  |
|_   Y|_    |
|_ _|_  | |_|
|  _   A _| |
|_ _|_|O _  |
|2 _ _ _ _ _|
(sala:1: 2 3 )
(sala:2: 5 5 6 )
(sala:8: 7 8 9 9 )
(sala:14: 10 11 11 12 13 )
(sala:15: 13 14 15 15 16 )
(sala:21: 17 17 18 19 19 )
(sala:27: 20 21 21 22 23 )
(sala:28: 23 24 25 25 26 29 29 )
(sala:29: 27 27 28 29 29 )
(bender2:N:1:5:1 )
(bender1:B:2:5:4 1 )
(sonny1:Y:8:5:7 3 0 )
(asimo1:A:21:5:27 25 23 21 19 17 15 13 11 9 7 5 3 1 )
(asimo2:O:27:5:27 25 23 21 19 17 15 13 11 9 7 5 3 1 )
(spirit1:S:30:7:)
(spirit2:T:30:5:)
(turno:5)
(Laberinto:35)
(puerta:cerrada:5:1 3 5 7 9 11 13 15 17 19 21 23 25 27 29 :)
 _ _ _ _ _ _ 
|_ _ N|_ _  |
|_ Y B|_    |
|_ _|_  | |_|
|  _   O A| |
|_ _|_|  _  |
|S T _ _ _ _|
(sala:1: 2 3 )
(sala:2: 5 6 )
(sala:8: 8 9 9 )
(sala:14: 10 11 11 12 13 )
(sala:15: 13 14 15 15 16 )
(sala:21: 17 17 18 19 19 )
(sala:22: 27 )
(sala:27: 20 21 21 22 23 )
(sala:28: 23 24 25 25 26 29 29 )
(sala:29: 27 27 28 29 29 )
(bender2:N:2:6:5 1 )
(sonny1:Y:7:6:7 3 0 )
(bender1:B:8:6:7 4 1 )
(asimo2:O:21:6:27 25 23 21 19 17 15 13 11 9 7 5 3 1 )
(asimo1:A:22:6:25 23 21 19 17 15 13 11 9 7 5 3 1 )
(spirit1:S:30:7:)
(spirit2:T:31:6:)
(turno:6)
(Laberinto:35)
(puerta:cerrada:5:1 3 5 7 9 11 13 15 17 19 21 23 25 27 29 :)
 _ _ _ _ _ _ 
|_ _  |_ _  |
|Y   N|_    |
|_ _|B  |A|_|
|  _     O| |
|_ _|_|  _  |
|S _ T _ _ _|
(sala:1: 2 3 )
(sala:2: 5 6 )
(sala:8: 9 9 )
(sala:14: 11 11 12 13 )
(sala:15: 13 14 15 15 16 )
(sala:16: 25 )
(sala:21: 17 17 18 19 19 )
(sala:22: 27 27 )
(sala:27: 20 21 21 22 23 )
(sala:28: 23 24 25 25 26 29 29 )
(sala:29: 27 27 28 29 29 )
(sonny1:Y:6:7:7 3 0 )
(bender2:N:8:7:8 5 1 )
(bender1:B:14:7:10 7 4 1 )
(asimo1:A:16:7:23 21 19 17 15 13 11 9 7 5 3 1 )
(asimo2:O:22:7:25 23 21 19 17 15 13 11 9 7 5 3 1 )
(spirit1:S:30:7:)
(spirit2:T:32:7:)
(turno:7)
(Laberinto:35)
(puerta:cerrada:5:1 3 5 7 9 11 13 15 17 19 21 23 25 27 29 :)
 _ _ _ _ _ _ 
|_ _  |_ _  |
|_ Y  |_ A  |
|_ _|N B|O|_|
|  _     _| |
|_ _|_|  _  |
|_ S _ T _ _|
(sala:1: 2 3 )
(sala:2: 5 6 )
(sala:8: 9 9 )
(sala:10: 23 )
(sala:14: 11 12 13 )
(sala:15: 14 15 15 16 )
(sala:16: 25 25 )
(sala:21: 17 17 18 19 19 )
(sala:22: 27 27 )
(sala:27: 20 21 21 22 23 )
(sala:28: 23 24 25 25 26 29 29 )
(sala:29: 27 27 28 29 29 )
(sonny1:Y:7:8:7 3 0 )
(asimo1:A:10:8:21 19 17 15 13 11 9 7 5 3 1 )
(bender2:N:14:8:11 8 5 1 )
(bender1:B:15:8:13 10 7 4 1 )
(asimo2:O:16:8:23 21 19 17 15 13 11 9 7 5 3 1 )
(spirit1:S:31:8:)
(spirit2:T:33:8:)
(turno:8)
(Laberinto:35)
(puerta:cerrada:5:1 3 5 7 9 11 13 15 17 19 21 23 25 27 29 :)
 _ _ _ _ _ _ 
|_ _  |_ _  |
|_    |_ O A|
|_ Y|_ N| |_|
|  _   B _| |
|_ _|_|T _  |
|_ _ S _ _ _|
(sala:1: 2 3 )
(sala:2: 5 6 )
(sala:8: 9 9 )
(sala:10: 23 23 )
(sala:14: 11 12 13 )
(sala:15: 15 15 16 )
(sala:16: 25 25 )
(sala:21: 17 18 19 19 )
(sala:22: 27 27 )
(sala:27: 21 21 22 23 )
(sala:28: 23 24 25 25 26 29 29 )
(sala:29: 27 27 28 29 29 )
(asimo2:O:10:9:21 19 17 15 13 11 9 7 5 3 1 )
(asimo1:A:11:9:21 19 17 15 13 11 9 7 5 3 1 )
(sonny1:Y:13:9:7 3 0 )
(bender2:N:15:9:14 11 8 5 1 )
(bender1:B:21:9:17 13 10 7 4 1 )
(spirit2:T:27:9:20 )
(spirit1:S:32:9:)
(turno:9)
(Laberinto:35)
(puerta:cerrada:5:1 3 5 7 9 11 13 15 17 19 21 23 25 27 29 :)
 _ _ _ _ _ _ 
|_ _  |_ _ A|
|_    |_   O|
|Y _|_  | |_|
|  _   2 _| |
|_ _|_|B _  |
|_ _ _ S _ _|
(sala:1: 2 3 )
(sala:2: 5 6 )
(sala:8: 9 9 )
(sala:10: 23 23 )
(sala:14: 11 12 13 )
(sala:15: 15 15 16 )
(sala:16: 25 25 )
(sala:21: 19 19 )
(sala:22: 27 27 )
(sala:27: 21 22 23 )
(sala:28: 23 24 25 25 26 29 29 )
(sala:29: 27 27 28 29 29 )
(asimo1:A:5:10:21 19 17 15 13 11 9 7 5 3 1 )
(asimo2:O:11:10:21 19 17 15 13 11 9 7 5 3 1 )
(sonny1:Y:12:10:7 3 0 )
(bender2:N:21:10:17 14 11 8 5 1 )
(spirit2:T:21:10:18 20 )
(bender1:B:27:10:21 17 13 10 7 4 1 )
(spirit1:S:33:10:)
(turno:10)
(Laberinto:35)
(puerta:cerrada:5:1 3 5 7 9 11 13 15 17 19 21 23 25 27 29 :)
 _ _ _ _ _ _ 
|_ _  |_ _ O|
|_    |_   A|
|_ Y|_  | |_|
|  _ T   _| |
|_ _|_|2 B  |
|_ _ _ _ _ _|
(sala:1: 2 3 )
(sala:2: 5 6 )
(sala:8: 9 9 )
(sala:10: 23 23 )
(sala:14: 11 12 13 )
(sala:15: 15 15 16 )
(sala:16: 25 25 )
(sala:21: 19 19 )
(sala:22: 27 27 )
(sala:27: 23 )
(sala:28: 24 25 25 26 29 29 )
(sala:29: 27 27 28 29 29 )
(asimo2:O:5:11:21 19 17 15 13 11 9 7 5 3 1 )
(asimo1:A:11:11:21 19 17 15 13 11 9 7 5 3 1 )
(sonny1:Y:13:11:7 3 0 )
(spirit2:T:20:11:18 20 )
(bender2:N:27:11:21 17 14 11 8 5 1 )
(spirit1:S:27:11:22 )
(bender1:B:28:11:23 21 17 13 10 7 4 1 )
(turno:11)
(Laberinto:35)
(puerta:cerrada:5:1 3 5 7 9 11 13 15 17 19 21 23 25 27 29 :)
 _ _ _ _ _ _ 
|_ _  |_ _  |
|_ Y  |_ A O|
|_ _|_  | |_|
|  _   S _| |
|_ _|T|  N B|
|_ _ _ _ _ _|
(sala:1: 2 3 )
(sala:2: 5 6 )
(sala:8: 9 9 )
(sala:10: 21 23 23 )
(sala:14: 11 12 13 )
(sala:15: 15 15 16 )
(sala:16: 25 25 )
(sala:21: 19 )
(sala:22: 27 27 )
(sala:27: 23 )
(sala:28: 25 25 26 29 29 )
(sala:29: 27 28 29 29 )
(sonny1:Y:7:12:7 3 0 )
(asimo1:A:10:12:19 17 15 13 11 9 7 5 3 1 )
(asimo2:O:11:12:21 19 17 15 13 11 9 7 5 3 1 )
(spirit1:S:21:12:19 22 )
(spirit2:T:26:12:18 20 )
(bender2:N:28:12:24 21 17 14 11 8 5 1 )
(bender1:B:29:12:27 23 21 17 13 10 7 4 1 )
(turno:12)
(Laberinto:35)
(puerta:cerrada:5:1 3 5 7 9 11 13 15 17 19 21 23 25 27 29 :)
 _ _ _ _ _ _ 
|_ _  |_ _  |
|_   Y|_ O  |
|_ _|_  |A|_|
|  _ 2   _| |
|_ _|_|  _ N|
|_ _ _ _ _ B|
(sala:1: 2 3 )
(sala:2: 5 6 )
(sala:8: 9 )
(sala:10: 21 21 23 23 )
(sala:14: 11 12 13 )
(sala:15: 15 15 16 )
(sala:16: 19 25 25 )
(sala:21: 19 )
(sala:22: 27 27 )
(sala:27: 23 )
(sala:28: 25 25 26 29 29 )
(sala:29: 28 29 29 )
(sonny1:Y:8:13:9 7 3 0 )
(asimo2:O:10:13:19 17 15 13 11 9 7 5 3 1 )
(asimo1:A:16:13:17 15 13 11 9 7 5 3 1 )
(spirit1:S:20:13:19 22 )
(spirit2:T:20:13:18 20 )
(bender2:N:29:13:27 24 21 17 14 11 8 5 1 )
(bender1:B:35:13:27 23 21 17 13 10 7 4 1 )
(turno:13)
(Laberinto:35)
(puerta:Abierta:5:1 3 5 7 9 11 13 15 17 19 21 23 25 29 :27 )
 _ _ _ _ _ _ 
|_ _  |_ _  |
|_    |_    |
|_ _|Y  |O|_|
|  T     A| |
|_ _|S|  _  |
|_ _ _ _ _ N|
(sala:1: 2 3 )
(sala:2: 5 6 )
(sala:8: 9 )
(sala:10: 21 21 23 23 )
(sala:14: 12 13 )
(sala:15: 15 15 16 )
(sala:16: 19 19 25 25 )
(sala:21: 19 )
(sala:22: 17 27 27 )
(sala:27: 23 )
(sala:28: 25 25 26 29 29 )
(sala:29: 28 29 29 )
(sonny1:Y:14:14:11 9 7 3 0 )
(asimo2:O:16:14:17 15 13 11 9 7 5 3 1 )
(spirit2:T:19:14:18 20 )
(asimo1:A:22:14:15 13 11 9 7 5 3 1 )
(spirit1:S:26:14:19 22 )
(bender2:N:35:14:27 24 21 17 14 11 8 5 1 )
(Robots Ganadores)
(bender1:ganador:B:1111:14:23 21 17 13 10 7 4 1 )